<?xml version="1.0" encoding="UTF-8"?>
<!-- Generated by org.testng.reporters.JUnitXMLReporter -->
<testsuite ignored="0" hostname="DESKTOP-7GC1PIP" failures="5" tests="5" name="Test" time="317.854" errors="0" timestamp="2023-03-06T17:20:56 IST">
  <testcase classname="com.ppt.Appium_Calculator" name="main1" time="194.89">
    <failure type="org.openqa.selenium.NoSuchElementException" message="An element could not be located on the page using the given search parameters.
For documentation on this error, please visit: https://selenium.dev/exceptions/#no_such_element
Build info: version: &amp;apos;4.7.2&amp;apos;, revision: &amp;apos;4d4020c3b7&amp;apos;
System info: os.name: &amp;apos;Windows 10&amp;apos;, os.arch: &amp;apos;amd64&amp;apos;, os.version: &amp;apos;10.0&amp;apos;, java.version: &amp;apos;11.0.16&amp;apos;
Driver info: io.appium.java_client.android.AndroidDriver
Command: [25246acf-489b-486b-bb75-37eba7f458fc, findElement {using=id, value=com.miui.calculator:id/result
}]
Capabilities {appium:appActivity: com.miui.calculator.cal.Cal..., appium:appPackage: com.miui.calculator, appium:automationName: Appium, appium:databaseEnabled: false, appium:desired: {appActivity: com.miui.calculator.cal.Cal..., appPackage: com.miui.calculator, automationName: Appium, deviceName: Android, platformName: android}, appium:deviceApiLevel: 29, appium:deviceManufacturer: Xiaomi, appium:deviceModel: Redmi Y3, appium:deviceName: d8e807c9, appium:deviceScreenDensity: 320, appium:deviceScreenSize: 720x1520, appium:deviceUDID: d8e807c9, appium:javascriptEnabled: true, appium:locationContextEnabled: false, appium:networkConnectionEnabled: true, appium:pixelRatio: 2, appium:platformVersion: 10, appium:statBarHeight: 55, appium:takesScreenshot: true, appium:viewportRect: {height: 1314, left: 0, top: 55, width: 720}, appium:warnings: {}, appium:webStorageEnabled: false, platformName: ANDROID}
Session ID: 25246acf-489b-486b-bb75-37eba7f458fc">
      <![CDATA[org.openqa.selenium.NoSuchElementException: An element could not be located on the page using the given search parameters.
For documentation on this error, please visit: https://selenium.dev/exceptions/#no_such_element
Build info: version: '4.7.2', revision: '4d4020c3b7'
System info: os.name: 'Windows 10', os.arch: 'amd64', os.version: '10.0', java.version: '11.0.16'
Driver info: io.appium.java_client.android.AndroidDriver
Command: [25246acf-489b-486b-bb75-37eba7f458fc, findElement {using=id, value=com.miui.calculator:id/result
}]
Capabilities {appium:appActivity: com.miui.calculator.cal.Cal..., appium:appPackage: com.miui.calculator, appium:automationName: Appium, appium:databaseEnabled: false, appium:desired: {appActivity: com.miui.calculator.cal.Cal..., appPackage: com.miui.calculator, automationName: Appium, deviceName: Android, platformName: android}, appium:deviceApiLevel: 29, appium:deviceManufacturer: Xiaomi, appium:deviceModel: Redmi Y3, appium:deviceName: d8e807c9, appium:deviceScreenDensity: 320, appium:deviceScreenSize: 720x1520, appium:deviceUDID: d8e807c9, appium:javascriptEnabled: true, appium:locationContextEnabled: false, appium:networkConnectionEnabled: true, appium:pixelRatio: 2, appium:platformVersion: 10, appium:statBarHeight: 55, appium:takesScreenshot: true, appium:viewportRect: {height: 1314, left: 0, top: 55, width: 720}, appium:warnings: {}, appium:webStorageEnabled: false, platformName: ANDROID}
Session ID: 25246acf-489b-486b-bb75-37eba7f458fc
at org.openqa.selenium.remote.codec.w3c.W3CHttpResponseCodec.createException(W3CHttpResponseCodec.java:200)
at org.openqa.selenium.remote.codec.w3c.W3CHttpResponseCodec.decode(W3CHttpResponseCodec.java:133)
at org.openqa.selenium.remote.codec.w3c.W3CHttpResponseCodec.decode(W3CHttpResponseCodec.java:53)
at org.openqa.selenium.remote.HttpCommandExecutor.execute(HttpCommandExecutor.java:184)
at io.appium.java_client.remote.AppiumCommandExecutor.execute(AppiumCommandExecutor.java:262)
at org.openqa.selenium.remote.RemoteWebDriver.execute(RemoteWebDriver.java:535)
at org.openqa.selenium.remote.ElementLocation$ElementFinder$2.findElement(ElementLocation.java:162)
at org.openqa.selenium.remote.ElementLocation.findElement(ElementLocation.java:60)
at org.openqa.selenium.remote.RemoteWebDriver.findElement(RemoteWebDriver.java:351)
at org.openqa.selenium.remote.RemoteWebDriver.findElement(RemoteWebDriver.java:343)
at com.ppt.Appium_Calculator.main1(Appium_Calculator.java:40)
at java.base/java.util.ArrayList.forEach(ArrayList.java:1541)
... Removed 31 stack frames]]>
    </failure>
  </testcase> <!-- main1 -->
  <testcase classname="com.ppt.Appium_CallCheckInMobile" name="main1" time="22.795">
    <failure type="org.openqa.selenium.NoSuchElementException" message="An element could not be located on the page using the given search parameters.
For documentation on this error, please visit: https://selenium.dev/exceptions/#no_such_element
Build info: version: &amp;apos;4.7.2&amp;apos;, revision: &amp;apos;4d4020c3b7&amp;apos;
System info: os.name: &amp;apos;Windows 10&amp;apos;, os.arch: &amp;apos;amd64&amp;apos;, os.version: &amp;apos;10.0&amp;apos;, java.version: &amp;apos;11.0.16&amp;apos;
Driver info: io.appium.java_client.android.AndroidDriver
Command: [167ef5a7-54f1-443a-870b-893f91a2de4c, findElement {using=id, value=com.android.contacts:id/name}]
Capabilities {appium:appActivity: com.android.phone.MiuiEmerg..., appium:appPackage: com.android.phone, appium:automationName: Appium, appium:databaseEnabled: false, appium:desired: {appActivity: com.android.phone.MiuiEmerg..., appPackage: com.android.phone, automationName: Appium, deviceName: Android, platformName: android}, appium:deviceApiLevel: 29, appium:deviceManufacturer: Xiaomi, appium:deviceModel: Redmi Y3, appium:deviceName: d8e807c9, appium:deviceScreenDensity: 320, appium:deviceScreenSize: 720x1520, appium:deviceUDID: d8e807c9, appium:javascriptEnabled: true, appium:locationContextEnabled: false, appium:networkConnectionEnabled: true, appium:pixelRatio: 2, appium:platformVersion: 10, appium:statBarHeight: 55, appium:takesScreenshot: true, appium:viewportRect: {height: 1314, left: 0, top: 55, width: 720}, appium:warnings: {}, appium:webStorageEnabled: false, platformName: ANDROID}
Session ID: 167ef5a7-54f1-443a-870b-893f91a2de4c">
      <![CDATA[org.openqa.selenium.NoSuchElementException: An element could not be located on the page using the given search parameters.
For documentation on this error, please visit: https://selenium.dev/exceptions/#no_such_element
Build info: version: '4.7.2', revision: '4d4020c3b7'
System info: os.name: 'Windows 10', os.arch: 'amd64', os.version: '10.0', java.version: '11.0.16'
Driver info: io.appium.java_client.android.AndroidDriver
Command: [167ef5a7-54f1-443a-870b-893f91a2de4c, findElement {using=id, value=com.android.contacts:id/name}]
Capabilities {appium:appActivity: com.android.phone.MiuiEmerg..., appium:appPackage: com.android.phone, appium:automationName: Appium, appium:databaseEnabled: false, appium:desired: {appActivity: com.android.phone.MiuiEmerg..., appPackage: com.android.phone, automationName: Appium, deviceName: Android, platformName: android}, appium:deviceApiLevel: 29, appium:deviceManufacturer: Xiaomi, appium:deviceModel: Redmi Y3, appium:deviceName: d8e807c9, appium:deviceScreenDensity: 320, appium:deviceScreenSize: 720x1520, appium:deviceUDID: d8e807c9, appium:javascriptEnabled: true, appium:locationContextEnabled: false, appium:networkConnectionEnabled: true, appium:pixelRatio: 2, appium:platformVersion: 10, appium:statBarHeight: 55, appium:takesScreenshot: true, appium:viewportRect: {height: 1314, left: 0, top: 55, width: 720}, appium:warnings: {}, appium:webStorageEnabled: false, platformName: ANDROID}
Session ID: 167ef5a7-54f1-443a-870b-893f91a2de4c
at org.openqa.selenium.remote.codec.w3c.W3CHttpResponseCodec.createException(W3CHttpResponseCodec.java:200)
at org.openqa.selenium.remote.codec.w3c.W3CHttpResponseCodec.decode(W3CHttpResponseCodec.java:133)
at org.openqa.selenium.remote.codec.w3c.W3CHttpResponseCodec.decode(W3CHttpResponseCodec.java:53)
at org.openqa.selenium.remote.HttpCommandExecutor.execute(HttpCommandExecutor.java:184)
at io.appium.java_client.remote.AppiumCommandExecutor.execute(AppiumCommandExecutor.java:262)
at org.openqa.selenium.remote.RemoteWebDriver.execute(RemoteWebDriver.java:535)
at org.openqa.selenium.remote.ElementLocation$ElementFinder$2.findElement(ElementLocation.java:162)
at org.openqa.selenium.remote.ElementLocation.findElement(ElementLocation.java:60)
at org.openqa.selenium.remote.RemoteWebDriver.findElement(RemoteWebDriver.java:351)
at org.openqa.selenium.remote.RemoteWebDriver.findElement(RemoteWebDriver.java:343)
at com.ppt.Appium_CallCheckInMobile.main1(Appium_CallCheckInMobile.java:31)
at java.base/java.util.ArrayList.forEach(ArrayList.java:1541)
... Removed 31 stack frames]]>
    </failure>
  </testcase> <!-- main1 -->
  <testcase classname="com.ppt.Appium_DragAndDrop" name="main1" time="42.843">
    <failure type="org.openqa.selenium.NoSuchElementException" message="An element could not be located on the page using the given search parameters.
For documentation on this error, please visit: https://selenium.dev/exceptions/#no_such_element
Build info: version: &amp;apos;4.7.2&amp;apos;, revision: &amp;apos;4d4020c3b7&amp;apos;
System info: os.name: &amp;apos;Windows 10&amp;apos;, os.arch: &amp;apos;amd64&amp;apos;, os.version: &amp;apos;10.0&amp;apos;, java.version: &amp;apos;11.0.16&amp;apos;
Driver info: io.appium.java_client.android.AndroidDriver
Command: [90d66c96-a811-4dbb-807c-dca1749961e7, findElement {using=xpath, value=/hierarchy/android.widget.FrameLayout/android.widget.FrameLayout/android.widget.FrameLayout/android.widget.LinearLayout/android.widget.ScrollView/android.widget.LinearLayout/android.widget.Button[2]}]
Capabilities {appium:appActivity: com.mobeta.android.demodslv..., appium:appPackage: com.mobeta.android.demodslv, appium:automationName: Appium, appium:databaseEnabled: false, appium:desired: {appActivity: com.mobeta.android.demodslv..., appPackage: com.mobeta.android.demodslv, automationName: Appium, deviceName: Android, platformName: android}, appium:deviceApiLevel: 29, appium:deviceManufacturer: Xiaomi, appium:deviceModel: Redmi Y3, appium:deviceName: d8e807c9, appium:deviceScreenDensity: 320, appium:deviceScreenSize: 720x1520, appium:deviceUDID: d8e807c9, appium:javascriptEnabled: true, appium:locationContextEnabled: false, appium:networkConnectionEnabled: true, appium:pixelRatio: 2, appium:platformVersion: 10, appium:statBarHeight: 55, appium:takesScreenshot: true, appium:viewportRect: {height: 1314, left: 0, top: 55, width: 720}, appium:warnings: {}, appium:webStorageEnabled: false, platformName: ANDROID}
Session ID: 90d66c96-a811-4dbb-807c-dca1749961e7">
      <![CDATA[org.openqa.selenium.NoSuchElementException: An element could not be located on the page using the given search parameters.
For documentation on this error, please visit: https://selenium.dev/exceptions/#no_such_element
Build info: version: '4.7.2', revision: '4d4020c3b7'
System info: os.name: 'Windows 10', os.arch: 'amd64', os.version: '10.0', java.version: '11.0.16'
Driver info: io.appium.java_client.android.AndroidDriver
Command: [90d66c96-a811-4dbb-807c-dca1749961e7, findElement {using=xpath, value=/hierarchy/android.widget.FrameLayout/android.widget.FrameLayout/android.widget.FrameLayout/android.widget.LinearLayout/android.widget.ScrollView/android.widget.LinearLayout/android.widget.Button[2]}]
Capabilities {appium:appActivity: com.mobeta.android.demodslv..., appium:appPackage: com.mobeta.android.demodslv, appium:automationName: Appium, appium:databaseEnabled: false, appium:desired: {appActivity: com.mobeta.android.demodslv..., appPackage: com.mobeta.android.demodslv, automationName: Appium, deviceName: Android, platformName: android}, appium:deviceApiLevel: 29, appium:deviceManufacturer: Xiaomi, appium:deviceModel: Redmi Y3, appium:deviceName: d8e807c9, appium:deviceScreenDensity: 320, appium:deviceScreenSize: 720x1520, appium:deviceUDID: d8e807c9, appium:javascriptEnabled: true, appium:locationContextEnabled: false, appium:networkConnectionEnabled: true, appium:pixelRatio: 2, appium:platformVersion: 10, appium:statBarHeight: 55, appium:takesScreenshot: true, appium:viewportRect: {height: 1314, left: 0, top: 55, width: 720}, appium:warnings: {}, appium:webStorageEnabled: false, platformName: ANDROID}
Session ID: 90d66c96-a811-4dbb-807c-dca1749961e7
at org.openqa.selenium.remote.codec.w3c.W3CHttpResponseCodec.createException(W3CHttpResponseCodec.java:200)
at org.openqa.selenium.remote.codec.w3c.W3CHttpResponseCodec.decode(W3CHttpResponseCodec.java:133)
at org.openqa.selenium.remote.codec.w3c.W3CHttpResponseCodec.decode(W3CHttpResponseCodec.java:53)
at org.openqa.selenium.remote.HttpCommandExecutor.execute(HttpCommandExecutor.java:184)
at io.appium.java_client.remote.AppiumCommandExecutor.execute(AppiumCommandExecutor.java:262)
at org.openqa.selenium.remote.RemoteWebDriver.execute(RemoteWebDriver.java:535)
at org.openqa.selenium.remote.ElementLocation$ElementFinder$2.findElement(ElementLocation.java:162)
at org.openqa.selenium.remote.ElementLocation.findElement(ElementLocation.java:60)
at org.openqa.selenium.remote.RemoteWebDriver.findElement(RemoteWebDriver.java:351)
at org.openqa.selenium.remote.RemoteWebDriver.findElement(RemoteWebDriver.java:343)
at com.ppt.Appium_DragAndDrop.main1(Appium_DragAndDrop.java:34)
at java.base/java.util.ArrayList.forEach(ArrayList.java:1541)
... Removed 31 stack frames]]>
    </failure>
  </testcase> <!-- main1 -->
  <testcase classname="com.ppt.Appium_SendSMS" name="main1" time="47.886">
    <failure type="org.openqa.selenium.NoSuchElementException" message="An element could not be located on the page using the given search parameters.
For documentation on this error, please visit: https://selenium.dev/exceptions/#no_such_element
Build info: version: &amp;apos;4.7.2&amp;apos;, revision: &amp;apos;4d4020c3b7&amp;apos;
System info: os.name: &amp;apos;Windows 10&amp;apos;, os.arch: &amp;apos;amd64&amp;apos;, os.version: &amp;apos;10.0&amp;apos;, java.version: &amp;apos;11.0.16&amp;apos;
Driver info: io.appium.java_client.android.AndroidDriver
Command: [1eba39f4-6fa0-432f-8568-30529d050706, findElement {using=id, value=com.android.mms:id/ignore}]
Capabilities {appium:appActivity: com.android.mms.ui.MmsTabAc..., appium:appPackage: com.android.mms, appium:automationName: Appium, appium:databaseEnabled: false, appium:desired: {appActivity: com.android.mms.ui.MmsTabAc..., appPackage: com.android.mms, automationName: Appium, deviceName: Android, platformName: android}, appium:deviceApiLevel: 29, appium:deviceManufacturer: Xiaomi, appium:deviceModel: Redmi Y3, appium:deviceName: d8e807c9, appium:deviceScreenDensity: 320, appium:deviceScreenSize: 720x1520, appium:deviceUDID: d8e807c9, appium:javascriptEnabled: true, appium:locationContextEnabled: false, appium:networkConnectionEnabled: true, appium:pixelRatio: 2, appium:platformVersion: 10, appium:statBarHeight: 55, appium:takesScreenshot: true, appium:viewportRect: {height: 1314, left: 0, top: 55, width: 720}, appium:warnings: {}, appium:webStorageEnabled: false, platformName: ANDROID}
Session ID: 1eba39f4-6fa0-432f-8568-30529d050706">
      <![CDATA[org.openqa.selenium.NoSuchElementException: An element could not be located on the page using the given search parameters.
For documentation on this error, please visit: https://selenium.dev/exceptions/#no_such_element
Build info: version: '4.7.2', revision: '4d4020c3b7'
System info: os.name: 'Windows 10', os.arch: 'amd64', os.version: '10.0', java.version: '11.0.16'
Driver info: io.appium.java_client.android.AndroidDriver
Command: [1eba39f4-6fa0-432f-8568-30529d050706, findElement {using=id, value=com.android.mms:id/ignore}]
Capabilities {appium:appActivity: com.android.mms.ui.MmsTabAc..., appium:appPackage: com.android.mms, appium:automationName: Appium, appium:databaseEnabled: false, appium:desired: {appActivity: com.android.mms.ui.MmsTabAc..., appPackage: com.android.mms, automationName: Appium, deviceName: Android, platformName: android}, appium:deviceApiLevel: 29, appium:deviceManufacturer: Xiaomi, appium:deviceModel: Redmi Y3, appium:deviceName: d8e807c9, appium:deviceScreenDensity: 320, appium:deviceScreenSize: 720x1520, appium:deviceUDID: d8e807c9, appium:javascriptEnabled: true, appium:locationContextEnabled: false, appium:networkConnectionEnabled: true, appium:pixelRatio: 2, appium:platformVersion: 10, appium:statBarHeight: 55, appium:takesScreenshot: true, appium:viewportRect: {height: 1314, left: 0, top: 55, width: 720}, appium:warnings: {}, appium:webStorageEnabled: false, platformName: ANDROID}
Session ID: 1eba39f4-6fa0-432f-8568-30529d050706
at org.openqa.selenium.remote.codec.w3c.W3CHttpResponseCodec.createException(W3CHttpResponseCodec.java:200)
at org.openqa.selenium.remote.codec.w3c.W3CHttpResponseCodec.decode(W3CHttpResponseCodec.java:133)
at org.openqa.selenium.remote.codec.w3c.W3CHttpResponseCodec.decode(W3CHttpResponseCodec.java:53)
at org.openqa.selenium.remote.HttpCommandExecutor.execute(HttpCommandExecutor.java:184)
at io.appium.java_client.remote.AppiumCommandExecutor.execute(AppiumCommandExecutor.java:262)
at org.openqa.selenium.remote.RemoteWebDriver.execute(RemoteWebDriver.java:535)
at org.openqa.selenium.remote.ElementLocation$ElementFinder$2.findElement(ElementLocation.java:162)
at org.openqa.selenium.remote.ElementLocation.findElement(ElementLocation.java:66)
at org.openqa.selenium.remote.RemoteWebDriver.findElement(RemoteWebDriver.java:351)
at org.openqa.selenium.remote.RemoteWebDriver.findElement(RemoteWebDriver.java:343)
at com.ppt.Appium_SendSMS.main1(Appium_SendSMS.java:30)
at java.base/java.util.ArrayList.forEach(ArrayList.java:1541)
... Removed 31 stack frames]]>
    </failure>
  </testcase> <!-- main1 -->
  <testcase classname="com.ppt.VerticalScrollingbar" name="main1" time="9.318">
    <failure type="org.openqa.selenium.SessionNotCreatedException" message="Could not start a new session. Response code 500. Message: An unknown server-side error occurred while processing the command. Original error: &amp;apos;app&amp;apos; option is required for reinstall 
Host info: host: &amp;apos;DESKTOP-7GC1PIP&amp;apos;, ip: &amp;apos;192.168.1.103&amp;apos;
Build info: version: &amp;apos;4.7.2&amp;apos;, revision: &amp;apos;4d4020c3b7&amp;apos;
System info: os.name: &amp;apos;Windows 10&amp;apos;, os.arch: &amp;apos;amd64&amp;apos;, os.version: &amp;apos;10.0&amp;apos;, java.version: &amp;apos;11.0.16&amp;apos;
Driver info: io.appium.java_client.android.AndroidDriver
Command: [null, newSession {capabilities=[{appium:appActivity=com.touchboarder.androidapidemos.MainActivity, appium:appPackage=com.touchboarder.android.api.demos, appium:automationName=Appium, appium:deviceName=Android, platformName=ANDROID}], desiredCapabilities=Capabilities {appActivity: com.touchboarder.androidapi..., appPackage: com.touchboarder.android.ap..., automationName: Appium, deviceName: Android, platformName: ANDROID}}]
Capabilities {}">
      <![CDATA[org.openqa.selenium.SessionNotCreatedException: Could not start a new session. Response code 500. Message: An unknown server-side error occurred while processing the command. Original error: 'app' option is required for reinstall 
Host info: host: 'DESKTOP-7GC1PIP', ip: '192.168.1.103'
Build info: version: '4.7.2', revision: '4d4020c3b7'
System info: os.name: 'Windows 10', os.arch: 'amd64', os.version: '10.0', java.version: '11.0.16'
Driver info: io.appium.java_client.android.AndroidDriver
Command: [null, newSession {capabilities=[{appium:appActivity=com.touchboarder.androidapidemos.MainActivity, appium:appPackage=com.touchboarder.android.api.demos, appium:automationName=Appium, appium:deviceName=Android, platformName=ANDROID}], desiredCapabilities=Capabilities {appActivity: com.touchboarder.androidapi..., appPackage: com.touchboarder.android.ap..., automationName: Appium, deviceName: Android, platformName: ANDROID}}]
Capabilities {}
at org.openqa.selenium.remote.ProtocolHandshake.createSession(ProtocolHandshake.java:148)
at io.appium.java_client.remote.AppiumProtocolHandshake.createSession(AppiumProtocolHandshake.java:133)
at io.appium.java_client.remote.AppiumProtocolHandshake.createSession(AppiumProtocolHandshake.java:102)
at io.appium.java_client.remote.AppiumCommandExecutor.createSession(AppiumCommandExecutor.java:194)
at io.appium.java_client.remote.AppiumCommandExecutor.execute(AppiumCommandExecutor.java:262)
at org.openqa.selenium.remote.RemoteWebDriver.execute(RemoteWebDriver.java:535)
at io.appium.java_client.AppiumDriver.startSession(AppiumDriver.java:229)
at org.openqa.selenium.remote.RemoteWebDriver.<init>(RemoteWebDriver.java:156)
at io.appium.java_client.AppiumDriver.<init>(AppiumDriver.java:80)
at io.appium.java_client.AppiumDriver.<init>(AppiumDriver.java:92)
at io.appium.java_client.android.AndroidDriver.<init>(AndroidDriver.java:117)
at com.ppt.VerticalScrollingbar.main1(VerticalScrollingbar.java:27)
at java.base/java.util.ArrayList.forEach(ArrayList.java:1541)
... Removed 31 stack frames]]>
    </failure>
  </testcase> <!-- main1 -->
</testsuite> <!-- Test -->
