<?xml version="1.0" encoding="UTF-8"?>
<!-- Generated by org.testng.reporters.JUnitXMLReporter -->
<testsuite ignored="0" hostname="DESKTOP-7GC1PIP" failures="1" tests="7" name="Test" time="19.979" errors="0" timestamp="2022-10-19T10:48:43 IST">
  <testcase classname="com.ppt.Parametrization" name="Lunchurl_test" time="6.716"/>
  <testcase classname="com.ppt.Parametrization" name="Login_test" time="0.772"/>
  <testcase classname="com.ppt.Login_test" name="testlogin1" time="0.012"/>
  <testcase classname="com.ppt.Login_test" name="testlogin2" time="0.001"/>
  <testcase classname="com.ppt.Googlemap" name="Open_application" time="5.734"/>
  <testcase classname="com.ppt.Googlemap" name="Location_name" time="0.002">
    <failure type="java.lang.NullPointerException">
      <![CDATA[java.lang.NullPointerException
at com.ppt.Googlemap.Location_name(Googlemap.java:30)
at java.base/java.util.ArrayList.forEach(ArrayList.java:1541)
... Removed 27 stack frames]]>
    </failure>
  </testcase> <!-- Location_name -->
  <testcase classname="com.ppt.Demoweb_login" name="Register_page" time="6.674"/>
</testsuite> <!-- Test -->
