<?xml version="1.0" encoding="UTF-8"?>
<testsuite xmlns:xsi="http://www.w3.org/2001/XMLSchema-instance" xsi:noNamespaceSchemaLocation="https://maven.apache.org/surefire/maven-surefire-plugin/xsd/surefire-test-report.xsd" name="TestSuite" time="373.66" tests="5" errors="0" skipped="0" failures="4">
  <properties>
[...]
</properties>
  <testcase name="main1" classname="com.ppt.Appium_Calculator" time="40.916">
    <failure message="An element could not be located on the page using the given search parameters.&#10;For documentation on this error, please visit: https://selenium.dev/exceptions/#no_such_element&#10;Build info: version: &apos;4.8.1&apos;, revision: &apos;8ebccac989&apos;&#10;System info: os.name: &apos;Windows 10&apos;, os.arch: &apos;amd64&apos;, os.version: &apos;10.0&apos;, java.version: &apos;11.0.16&apos;&#10;Driver info: io.appium.java_client.android.AndroidDriver&#10;Command: [3d3c60c3-1f13-4533-8ab0-6a50a49cae25, findElement {using=id, value=com.miui.calculator:id/btn_8_s}]&#10;Capabilities {appium:appActivity: com.miui.calculator.cal.Cal..., appium:appPackage: com.miui.calculator, appium:automationName: Appium, appium:databaseEnabled: false, appium:desired: {appActivity: com.miui.calculator.cal.Cal..., appPackage: com.miui.calculator, automationName: Appium, deviceName: Android, platformName: android}, appium:deviceApiLevel: 29, appium:deviceManufacturer: Xiaomi, appium:deviceModel: Redmi Y3, appium:deviceName: d8e807c9, appium:deviceScreenDensity: 320, appium:deviceScreenSize: 720x1520, appium:deviceUDID: d8e807c9, appium:javascriptEnabled: true, appium:locationContextEnabled: false, appium:networkConnectionEnabled: true, appium:pixelRatio: 2, appium:platformVersion: 10, appium:statBarHeight: 55, appium:takesScreenshot: true, appium:viewportRect: {height: 1314, left: 0, top: 55, width: 720}, appium:warnings: {}, appium:webStorageEnabled: false, platformName: ANDROID}&#10;Session ID: 3d3c60c3-1f13-4533-8ab0-6a50a49cae25" type="org.openqa.selenium.NoSuchElementException">org.openqa.selenium.NoSuchElementException: 
An element could not be located on the page using the given search parameters.
For documentation on this error, please visit: https://selenium.dev/exceptions/#no_such_element
Build info: version: '4.8.1', revision: '8ebccac989'
System info: os.name: 'Windows 10', os.arch: 'amd64', os.version: '10.0', java.version: '11.0.16'
Driver info: io.appium.java_client.android.AndroidDriver
Command: [3d3c60c3-1f13-4533-8ab0-6a50a49cae25, findElement {using=id, value=com.miui.calculator:id/btn_8_s}]
Capabilities {appium:appActivity: com.miui.calculator.cal.Cal..., appium:appPackage: com.miui.calculator, appium:automationName: Appium, appium:databaseEnabled: false, appium:desired: {appActivity: com.miui.calculator.cal.Cal..., appPackage: com.miui.calculator, automationName: Appium, deviceName: Android, platformName: android}, appium:deviceApiLevel: 29, appium:deviceManufacturer: Xiaomi, appium:deviceModel: Redmi Y3, appium:deviceName: d8e807c9, appium:deviceScreenDensity: 320, appium:deviceScreenSize: 720x1520, appium:deviceUDID: d8e807c9, appium:javascriptEnabled: true, appium:locationContextEnabled: false, appium:networkConnectionEnabled: true, appium:pixelRatio: 2, appium:platformVersion: 10, appium:statBarHeight: 55, appium:takesScreenshot: true, appium:viewportRect: {height: 1314, left: 0, top: 55, width: 720}, appium:warnings: {}, appium:webStorageEnabled: false, platformName: ANDROID}
Session ID: 3d3c60c3-1f13-4533-8ab0-6a50a49cae25
	at com.ppt.Appium_Calculator.main1(Appium_Calculator.java:30)
</failure>
    <system-err><![CDATA[SLF4J: Failed to load class "org.slf4j.impl.StaticLoggerBinder".
SLF4J: Defaulting to no-operation (NOP) logger implementation
SLF4J: See http://www.slf4j.org/codes.html#StaticLoggerBinder for further details.
]]></system-err>
  </testcase>
  <testcase name="main1" classname="com.ppt.Appium_CallCheckInMobile" time="57.357">
    <failure message="An element could not be located on the page using the given search parameters.&#10;For documentation on this error, please visit: https://selenium.dev/exceptions/#no_such_element&#10;Build info: version: &apos;4.8.1&apos;, revision: &apos;8ebccac989&apos;&#10;System info: os.name: &apos;Windows 10&apos;, os.arch: &apos;amd64&apos;, os.version: &apos;10.0&apos;, java.version: &apos;11.0.16&apos;&#10;Driver info: io.appium.java_client.android.AndroidDriver&#10;Command: [4d68fa8a-01c2-48b0-8c70-b452d96a9826, findElement {using=id, value=com.android.contacts:id/name}]&#10;Capabilities {appium:appActivity: com.android.phone.MiuiEmerg..., appium:appPackage: com.android.phone, appium:automationName: Appium, appium:databaseEnabled: false, appium:desired: {appActivity: com.android.phone.MiuiEmerg..., appPackage: com.android.phone, automationName: Appium, deviceName: Android, platformName: android}, appium:deviceApiLevel: 29, appium:deviceManufacturer: Xiaomi, appium:deviceModel: Redmi Y3, appium:deviceName: d8e807c9, appium:deviceScreenDensity: 320, appium:deviceScreenSize: 720x1520, appium:deviceUDID: d8e807c9, appium:javascriptEnabled: true, appium:locationContextEnabled: false, appium:networkConnectionEnabled: true, appium:pixelRatio: 2, appium:platformVersion: 10, appium:statBarHeight: 55, appium:takesScreenshot: true, appium:viewportRect: {height: 1314, left: 0, top: 55, width: 720}, appium:warnings: {}, appium:webStorageEnabled: false, platformName: ANDROID}&#10;Session ID: 4d68fa8a-01c2-48b0-8c70-b452d96a9826" type="org.openqa.selenium.NoSuchElementException">org.openqa.selenium.NoSuchElementException: 
An element could not be located on the page using the given search parameters.
For documentation on this error, please visit: https://selenium.dev/exceptions/#no_such_element
Build info: version: '4.8.1', revision: '8ebccac989'
System info: os.name: 'Windows 10', os.arch: 'amd64', os.version: '10.0', java.version: '11.0.16'
Driver info: io.appium.java_client.android.AndroidDriver
Command: [4d68fa8a-01c2-48b0-8c70-b452d96a9826, findElement {using=id, value=com.android.contacts:id/name}]
Capabilities {appium:appActivity: com.android.phone.MiuiEmerg..., appium:appPackage: com.android.phone, appium:automationName: Appium, appium:databaseEnabled: false, appium:desired: {appActivity: com.android.phone.MiuiEmerg..., appPackage: com.android.phone, automationName: Appium, deviceName: Android, platformName: android}, appium:deviceApiLevel: 29, appium:deviceManufacturer: Xiaomi, appium:deviceModel: Redmi Y3, appium:deviceName: d8e807c9, appium:deviceScreenDensity: 320, appium:deviceScreenSize: 720x1520, appium:deviceUDID: d8e807c9, appium:javascriptEnabled: true, appium:locationContextEnabled: false, appium:networkConnectionEnabled: true, appium:pixelRatio: 2, appium:platformVersion: 10, appium:statBarHeight: 55, appium:takesScreenshot: true, appium:viewportRect: {height: 1314, left: 0, top: 55, width: 720}, appium:warnings: {}, appium:webStorageEnabled: false, platformName: ANDROID}
Session ID: 4d68fa8a-01c2-48b0-8c70-b452d96a9826
	at com.ppt.Appium_CallCheckInMobile.main1(Appium_CallCheckInMobile.java:31)
</failure>
  </testcase>
  <testcase name="main1" classname="com.ppt.Appium_DragAndDrop" time="248.674"/>
  <testcase name="main1" classname="com.ppt.Appium_SendSMS" time="17.937">
    <failure message="An element could not be located on the page using the given search parameters.&#10;For documentation on this error, please visit: https://selenium.dev/exceptions/#no_such_element&#10;Build info: version: &apos;4.8.1&apos;, revision: &apos;8ebccac989&apos;&#10;System info: os.name: &apos;Windows 10&apos;, os.arch: &apos;amd64&apos;, os.version: &apos;10.0&apos;, java.version: &apos;11.0.16&apos;&#10;Driver info: io.appium.java_client.android.AndroidDriver&#10;Command: [b3226bd1-5da4-4c3e-b590-eff228df7289, findElement {using=id, value=com.android.mms:id/ignore}]&#10;Capabilities {appium:appActivity: com.android.mms.ui.MmsTabAc..., appium:appPackage: com.android.mms, appium:automationName: Appium, appium:databaseEnabled: false, appium:desired: {appActivity: com.android.mms.ui.MmsTabAc..., appPackage: com.android.mms, automationName: Appium, deviceName: Android, platformName: android}, appium:deviceApiLevel: 29, appium:deviceManufacturer: Xiaomi, appium:deviceModel: Redmi Y3, appium:deviceName: d8e807c9, appium:deviceScreenDensity: 320, appium:deviceScreenSize: 720x1520, appium:deviceUDID: d8e807c9, appium:javascriptEnabled: true, appium:locationContextEnabled: false, appium:networkConnectionEnabled: true, appium:pixelRatio: 2, appium:platformVersion: 10, appium:statBarHeight: 55, appium:takesScreenshot: true, appium:viewportRect: {height: 1314, left: 0, top: 55, width: 720}, appium:warnings: {}, appium:webStorageEnabled: false, platformName: ANDROID}&#10;Session ID: b3226bd1-5da4-4c3e-b590-eff228df7289" type="org.openqa.selenium.NoSuchElementException">org.openqa.selenium.NoSuchElementException: 
An element could not be located on the page using the given search parameters.
For documentation on this error, please visit: https://selenium.dev/exceptions/#no_such_element
Build info: version: '4.8.1', revision: '8ebccac989'
System info: os.name: 'Windows 10', os.arch: 'amd64', os.version: '10.0', java.version: '11.0.16'
Driver info: io.appium.java_client.android.AndroidDriver
Command: [b3226bd1-5da4-4c3e-b590-eff228df7289, findElement {using=id, value=com.android.mms:id/ignore}]
Capabilities {appium:appActivity: com.android.mms.ui.MmsTabAc..., appium:appPackage: com.android.mms, appium:automationName: Appium, appium:databaseEnabled: false, appium:desired: {appActivity: com.android.mms.ui.MmsTabAc..., appPackage: com.android.mms, automationName: Appium, deviceName: Android, platformName: android}, appium:deviceApiLevel: 29, appium:deviceManufacturer: Xiaomi, appium:deviceModel: Redmi Y3, appium:deviceName: d8e807c9, appium:deviceScreenDensity: 320, appium:deviceScreenSize: 720x1520, appium:deviceUDID: d8e807c9, appium:javascriptEnabled: true, appium:locationContextEnabled: false, appium:networkConnectionEnabled: true, appium:pixelRatio: 2, appium:platformVersion: 10, appium:statBarHeight: 55, appium:takesScreenshot: true, appium:viewportRect: {height: 1314, left: 0, top: 55, width: 720}, appium:warnings: {}, appium:webStorageEnabled: false, platformName: ANDROID}
Session ID: b3226bd1-5da4-4c3e-b590-eff228df7289
	at com.ppt.Appium_SendSMS.main1(Appium_SendSMS.java:30)
</failure>
  </testcase>
  <testcase name="main1" classname="com.ppt.VerticalScrollingbar" time="6.223">
    <failure message="Could not start a new session. Response code 500. Message: An unknown server-side error occurred while processing the command. Original error: &apos;app&apos; option is required for reinstall &#10;Host info: host: &apos;DESKTOP-7GC1PIP&apos;, ip: &apos;192.168.1.103&apos;&#10;Build info: version: &apos;4.8.1&apos;, revision: &apos;8ebccac989&apos;&#10;System info: os.name: &apos;Windows 10&apos;, os.arch: &apos;amd64&apos;, os.version: &apos;10.0&apos;, java.version: &apos;11.0.16&apos;&#10;Driver info: io.appium.java_client.android.AndroidDriver&#10;Command: [null, newSession {capabilities=[{appium:appActivity=com.touchboarder.androidapidemos.MainActivity, appium:appPackage=com.touchboarder.android.api.demos, appium:automationName=Appium, appium:deviceName=Android, platformName=ANDROID}], desiredCapabilities=Capabilities {appActivity: com.touchboarder.androidapi..., appPackage: com.touchboarder.android.ap..., automationName: Appium, deviceName: Android, platformName: ANDROID}}]&#10;Capabilities {appActivity: com.touchboarder.androidapi..., appPackage: com.touchboarder.android.ap..., automationName: Appium, deviceName: Android, platformName: ANDROID}" type="org.openqa.selenium.SessionNotCreatedException">org.openqa.selenium.SessionNotCreatedException: 
Could not start a new session. Response code 500. Message: An unknown server-side error occurred while processing the command. Original error: 'app' option is required for reinstall 
Host info: host: 'DESKTOP-7GC1PIP', ip: '192.168.1.103'
Build info: version: '4.8.1', revision: '8ebccac989'
System info: os.name: 'Windows 10', os.arch: 'amd64', os.version: '10.0', java.version: '11.0.16'
Driver info: io.appium.java_client.android.AndroidDriver
Command: [null, newSession {capabilities=[{appium:appActivity=com.touchboarder.androidapidemos.MainActivity, appium:appPackage=com.touchboarder.android.api.demos, appium:automationName=Appium, appium:deviceName=Android, platformName=ANDROID}], desiredCapabilities=Capabilities {appActivity: com.touchboarder.androidapi..., appPackage: com.touchboarder.android.ap..., automationName: Appium, deviceName: Android, platformName: ANDROID}}]
Capabilities {appActivity: com.touchboarder.androidapi..., appPackage: com.touchboarder.android.ap..., automationName: Appium, deviceName: Android, platformName: ANDROID}
	at com.ppt.VerticalScrollingbar.main1(VerticalScrollingbar.java:27)
</failure>
  </testcase>
</testsuite>