<?xml version="1.0" encoding="UTF-8"?>
<testng-results ignored="0" total="7" passed="6" failed="1" skipped="0">
  <reporter-output>
  </reporter-output>
  <suite started-at="2022-10-19T10:48:23 IST" name="Suite" finished-at="2022-10-19T10:48:43 IST" duration-ms="19979">
    <groups>
    </groups>
    <test started-at="2022-10-19T10:48:23 IST" name="Test" finished-at="2022-10-19T10:48:43 IST" duration-ms="19979">
      <class name="com.ppt.Demoweb_login">
        <test-method signature="Register_page()[pri:0, instance:com.ppt.Demoweb_login@f5acb9d]" started-at="2022-10-19T10:48:36 IST" name="Register_page" finished-at="2022-10-19T10:48:43 IST" duration-ms="6674" status="PASS">
          <reporter-output>
          </reporter-output>
        </test-method> <!-- Register_page -->
      </class> <!-- com.ppt.Demoweb_login -->
      <class name="com.ppt.Googlemap">
        <test-method signature="Open_application()[pri:1, instance:com.ppt.Googlemap@543588e6]" started-at="2022-10-19T10:48:30 IST" name="Open_application" finished-at="2022-10-19T10:48:36 IST" duration-ms="5734" status="PASS">
          <reporter-output>
          </reporter-output>
        </test-method> <!-- Open_application -->
        <test-method signature="Location_name()[pri:2, instance:com.ppt.Googlemap@543588e6]" started-at="2022-10-19T10:48:36 IST" name="Location_name" finished-at="2022-10-19T10:48:36 IST" duration-ms="2" status="FAIL">
          <exception class="java.lang.NullPointerException">
            <full-stacktrace>
              <![CDATA[java.lang.NullPointerException
at com.ppt.Googlemap.Location_name(Googlemap.java:30)
at java.base/jdk.internal.reflect.NativeMethodAccessorImpl.invoke0(Native Method)
at java.base/jdk.internal.reflect.NativeMethodAccessorImpl.invoke(NativeMethodAccessorImpl.java:62)
at java.base/jdk.internal.reflect.DelegatingMethodAccessorImpl.invoke(DelegatingMethodAccessorImpl.java:43)
at java.base/java.lang.reflect.Method.invoke(Method.java:566)
at org.testng.internal.MethodInvocationHelper.invokeMethod(MethodInvocationHelper.java:133)
at org.testng.internal.TestInvoker.invokeMethod(TestInvoker.java:598)
at org.testng.internal.TestInvoker.invokeTestMethod(TestInvoker.java:173)
at org.testng.internal.MethodRunner.runInSequence(MethodRunner.java:46)
at org.testng.internal.TestInvoker$MethodInvocationAgent.invoke(TestInvoker.java:824)
at org.testng.internal.TestInvoker.invokeTestMethods(TestInvoker.java:146)
at org.testng.internal.TestMethodWorker.invokeTestMethods(TestMethodWorker.java:146)
at org.testng.internal.TestMethodWorker.run(TestMethodWorker.java:128)
at java.base/java.util.ArrayList.forEach(ArrayList.java:1541)
at org.testng.TestRunner.privateRun(TestRunner.java:794)
at org.testng.TestRunner.run(TestRunner.java:596)
at org.testng.SuiteRunner.runTest(SuiteRunner.java:377)
at org.testng.SuiteRunner.runSequentially(SuiteRunner.java:371)
at org.testng.SuiteRunner.privateRun(SuiteRunner.java:332)
at org.testng.SuiteRunner.run(SuiteRunner.java:276)
at org.testng.SuiteRunnerWorker.runSuite(SuiteRunnerWorker.java:53)
at org.testng.SuiteRunnerWorker.run(SuiteRunnerWorker.java:96)
at org.testng.TestNG.runSuitesSequentially(TestNG.java:1212)
at org.testng.TestNG.runSuitesLocally(TestNG.java:1134)
at org.testng.TestNG.runSuites(TestNG.java:1063)
at org.testng.TestNG.run(TestNG.java:1031)
at org.testng.remote.AbstractRemoteTestNG.run(AbstractRemoteTestNG.java:115)
at org.testng.remote.RemoteTestNG.initAndRun(RemoteTestNG.java:251)
at org.testng.remote.RemoteTestNG.main(RemoteTestNG.java:77)
]]>
            </full-stacktrace>
          </exception> <!-- java.lang.NullPointerException -->
          <reporter-output>
          </reporter-output>
        </test-method> <!-- Location_name -->
      </class> <!-- com.ppt.Googlemap -->
      <class name="com.ppt.Parametrization">
        <test-method signature="Lunchurl_test(java.lang.String)[pri:1, instance:com.ppt.Parametrization@32ee6fee]" started-at="2022-10-19T10:48:23 IST" name="Lunchurl_test" finished-at="2022-10-19T10:48:30 IST" duration-ms="6716" status="PASS">
          <params>
            <param index="0">
              <value>
                <![CDATA[chrome]]>
              </value>
            </param>
          </params>
          <reporter-output>
          </reporter-output>
        </test-method> <!-- Lunchurl_test -->
        <test-method signature="Login_test(java.lang.String,java.lang.String)[pri:2, instance:com.ppt.Parametrization@32ee6fee]" started-at="2022-10-19T10:48:30 IST" name="Login_test" finished-at="2022-10-19T10:48:30 IST" duration-ms="772" status="PASS">
          <params>
            <param index="0">
              <value>
                <![CDATA[admin45@gmail.com]]>
              </value>
            </param>
            <param index="1">
              <value>
                <![CDATA[admin354]]>
              </value>
            </param>
          </params>
          <reporter-output>
          </reporter-output>
        </test-method> <!-- Login_test -->
      </class> <!-- com.ppt.Parametrization -->
      <class name="com.ppt.Login_test">
        <test-method signature="testlogin1()[pri:0, instance:com.ppt.Login_test@58695725]" started-at="2022-10-19T10:48:30 IST" name="testlogin1" finished-at="2022-10-19T10:48:30 IST" duration-ms="12" status="PASS">
          <reporter-output>
          </reporter-output>
        </test-method> <!-- testlogin1 -->
        <test-method signature="testlogin2()[pri:0, instance:com.ppt.Login_test@58695725]" started-at="2022-10-19T10:48:30 IST" name="testlogin2" finished-at="2022-10-19T10:48:30 IST" duration-ms="1" status="PASS">
          <reporter-output>
          </reporter-output>
        </test-method> <!-- testlogin2 -->
      </class> <!-- com.ppt.Login_test -->
    </test> <!-- Test -->
  </suite> <!-- Suite -->
</testng-results>
