<?xml version="1.0" encoding="UTF-8"?>
<testng-results ignored="0" total="1" passed="1" failed="0" skipped="0">
  <reporter-output>
  </reporter-output>
  <suite started-at="2023-04-04T11:34:35 IST" name="Default suite" finished-at="2023-04-04T11:36:44 IST" duration-ms="129883">
    <groups>
    </groups>
    <test started-at="2023-04-04T11:34:35 IST" name="Default test" finished-at="2023-04-04T11:36:44 IST" duration-ms="129883">
      <class name="com.ppt.Appium_SendSMS">
        <test-method signature="main1()[pri:0, instance:com.ppt.Appium_SendSMS@6fd83fc1]" started-at="2023-04-04T11:34:35 IST" name="main1" finished-at="2023-04-04T11:36:44 IST" duration-ms="129837" status="PASS">
          <reporter-output>
          </reporter-output>
        </test-method> <!-- main1 -->
      </class> <!-- com.ppt.Appium_SendSMS -->
    </test> <!-- Default test -->
  </suite> <!-- Default suite -->
</testng-results>
